This is XeTeX, Version 3.14159265-2.6-0.999992 (TeX Live 2020 on Slackware) (preloaded format=xelatex 2020.8.25)  22 NOV 2020 21:07
entering extended mode
 restricted \write18 enabled.
 %&-line parsing enabled.
**nte-Wurzel.cpp
(./nte-Wurzel.cpp
LaTeX2e <2020-02-02> patch level 5
L3 programming layer <2020-06-03>
! You can't use `macro parameter character #' in vertical mode.
l.1 #
     include <iostream>
? ^^X
Type <return> to proceed, S to scroll future error messages,
R to run without stopping, Q to run quietly,
I to insert something, E to edit your file,
1 or ... or 9 to ignore the next 1 to 9 tokens of input,
H for help, X to quit.
? x
 
Here is how much of TeX's memory you used:
 16 strings out of 479284
 313 string characters out of 5886209
 244941 words of memory out of 5000000
 17772 multiletter control sequences out of 15000+600000
 532338 words of font info for 24 fonts, out of 8000000 for 9000
 1348 hyphenation exceptions out of 8191
 12i,0n,15p,65b,8s stack positions out of 5000i,500n,10000p,200000b,80000s
No pages of output.
